<?xml version="1.0" encoding="utf-8"?><testsuites name="pytest tests"><testsuite name="pytest" errors="0" failures="0" skipped="0" tests="14" time="3.461" timestamp="2026-05-13T16:14:58.619633+00:00" hostname="agent-env-d276603c-0b31-4ef0-b160-1b93c0c0c1cb"><testcase classname="backend.tests.test_catalogs_iter7" name="test_health" time="0.342" /><testcase classname="backend.tests.test_catalogs_iter7" name="test_auth_me" time="0.406" /><testcase classname="backend.tests.test_catalogs_iter7" name="test_upload_pdf_success" time="0.548" /><testcase classname="backend.tests.test_catalogs_iter7" name="test_upload_rejects_non_whitelisted" time="0.070" /><testcase classname="backend.tests.test_catalogs_iter7" name="test_upload_requires_auth" time="0.232" /><testcase classname="backend.tests.test_catalogs_iter7" name="test_services_overrides_list_excludes_id" time="0.161" /><testcase classname="backend.tests.test_catalogs_iter7" name="test_put_catalogs_on_it_division" time="0.250" /><testcase classname="backend.tests.test_catalogs_iter7" name="test_put_catalogs_empty_clears" time="0.060" /><testcase classname="backend.tests.test_catalogs_iter7" name="test_put_catalogs_on_production" time="0.135" /><testcase classname="backend.tests.test_catalogs_iter7" name="test_put_overrides_requires_auth" time="0.223" /><testcase classname="backend.tests.test_catalogs_iter7" name="test_regression_title_summary_bullets" time="0.139" /><testcase classname="backend.tests.test_catalogs_iter7" name="test_news_list_public" time="0.131" /><testcase classname="backend.tests.test_catalogs_iter7" name="test_projects_list_public" time="0.126" /><testcase classname="backend.tests.test_catalogs_iter7" name="test_news_create_update_delete" time="0.466" /></testsuite></testsuites>