<?xml version="1.0" encoding="utf-8"?><testsuites name="pytest tests"><testsuite name="pytest" errors="0" failures="0" skipped="0" tests="20" time="4.632" timestamp="2026-05-11T13:46:22.037288+00:00" hostname="agent-env-d276603c-0b31-4ef0-b160-1b93c0c0c1cb"><testcase classname="backend.tests.test_cms_backend.TestHealth" name="test_root" time="0.210" /><testcase classname="backend.tests.test_cms_backend.TestAuth" name="test_login_invalid" time="0.279" /><testcase classname="backend.tests.test_cms_backend.TestAuth" name="test_me_no_token" time="0.134" /><testcase classname="backend.tests.test_cms_backend.TestAuth" name="test_me_with_token" time="0.395" /><testcase classname="backend.tests.test_cms_backend.TestAuth" name="test_login_success" time="0.273" /><testcase classname="backend.tests.test_cms_backend.TestProjects" name="test_list_projects_seeded" time="0.219" /><testcase classname="backend.tests.test_cms_backend.TestProjects" name="test_get_project_by_slug" time="0.150" /><testcase classname="backend.tests.test_cms_backend.TestProjects" name="test_create_project_unauthorized" time="0.110" /><testcase classname="backend.tests.test_cms_backend.TestNewsCRUD" name="test_list_news" time="0.178" /><testcase classname="backend.tests.test_cms_backend.TestNewsCRUD" name="test_create_news_unauthorized" time="0.197" /><testcase classname="backend.tests.test_cms_backend.TestNewsCRUD" name="test_news_full_crud" time="0.764" /><testcase classname="backend.tests.test_cms_backend.TestUploads" name="test_upload_image" time="0.244" /><testcase classname="backend.tests.test_cms_backend.TestUploads" name="test_upload_unauthorized" time="0.128" /><testcase classname="backend.tests.test_cms_backend.TestServicesOverrides" name="test_unauthorized_put" time="0.216" /><testcase classname="backend.tests.test_cms_backend.TestServicesOverrides" name="test_overrides_upsert_get_delete" time="0.389" /><testcase classname="backend.tests.test_cms_backend.TestStaticAssets" name="test_asset_head[/armeen/catalogs/camera-catalog.pdf]" time="0.138" /><testcase classname="backend.tests.test_cms_backend.TestStaticAssets" name="test_asset_head[/armeen/catalogs/lens-catalog.pdf]" time="0.132" /><testcase classname="backend.tests.test_cms_backend.TestStaticAssets" name="test_asset_head[/armeen/catalogs/audio-catalog.pdf]" time="0.101" /><testcase classname="backend.tests.test_cms_backend.TestStaticAssets" name="test_asset_head[/armeen/videos/showreel-1.mp4]" time="0.147" /><testcase classname="backend.tests.test_cms_backend.TestStaticAssets" name="test_asset_head[/armeen/videos/showreel-2.mp4]" time="0.128" /></testsuite></testsuites>